[2022-07-31 15:43:14] local.ERROR: View [home] not found. {"userId":"7ffff671-2f8c-416c-8c2c-d2408e0f5aff","exception":"[object] (InvalidArgumentException(code: 0): View [home] not found. at /mnt/e/Projects/l4yconstruction/vendor/laravel/framework/src/Illuminate/View/FileViewFinder.php:137)
[stacktrace]
#0 /mnt/e/Projects/l4yconstruction/vendor/laravel/framework/src/Illuminate/View/FileViewFinder.php(79): Illuminate\\View\\FileViewFinder->findInPaths()
#1 /mnt/e/Projects/l4yconstruction/vendor/laravel/framework/src/Illuminate/View/Factory.php(137): Illuminate\\View\\FileViewFinder->find()
#2 /mnt/e/Projects/l4yconstruction/vendor/laravel/framework/src/Illuminate/Foundation/helpers.php(969): Illuminate\\View\\Factory->make()
#3 /mnt/e/Projects/l4yconstruction/vendor/statamic/cms/src/View/View.php(169): view()
#4 /mnt/e/Projects/l4yconstruction/vendor/statamic/cms/src/View/View.php(148): Statamic\\View\\View->templateViewPath()
#5 /mnt/e/Projects/l4yconstruction/vendor/statamic/cms/src/View/View.php(139): Statamic\\View\\View->isUsingAntlersTemplate()
#6 /mnt/e/Projects/l4yconstruction/vendor/statamic/cms/src/Http/Responses/DataResponse.php(167): Statamic\\View\\View->wantsXmlResponse()
#7 /mnt/e/Projects/l4yconstruction/vendor/statamic/cms/src/Http/Responses/DataResponse.php(40): Statamic\\Http\\Responses\\DataResponse->adjustResponseType()
#8 /mnt/e/Projects/l4yconstruction/vendor/statamic/cms/src/Structures/Page.php(384): Statamic\\Http\\Responses\\DataResponse->toResponse()
#9 /mnt/e/Projects/l4yconstruction/vendor/laravel/framework/src/Illuminate/Routing/Router.php(815): Statamic\\Structures\\Page->toResponse()
#10 /mnt/e/Projects/l4yconstruction/vendor/laravel/framework/src/Illuminate/Routing/Router.php(802): Illuminate\\Routing\\Router::toResponse()
#11 /mnt/e/Projects/l4yconstruction/vendor/laravel/framework/src/Illuminate/Routing/Router.php(725): Illuminate\\Routing\\Router->prepareResponse()
#12 /mnt/e/Projects/l4yconstruction/vendor/laravel/framework/src/Illuminate/Pipeline/Pipeline.php(141): Illuminate\\Routing\\Router->Illuminate\\Routing\\{closure}()
#13 /mnt/e/Projects/l4yconstruction/vendor/statamic/cms/src/StaticCaching/Middleware/Cache.php(47): Illuminate\\Pipeline\\Pipeline->Illuminate\\Pipeline\\{closure}()
#14 /mnt/e/Projects/l4yconstruction/vendor/laravel/framework/src/Illuminate/Pipeline/Pipeline.php(180): Statamic\\StaticCaching\\Middleware\\Cache->handle()
#15 /mnt/e/Projects/l4yconstruction/vendor/statamic/cms/src/Http/Middleware/AuthGuard.php(14): Illuminate\\Pipeline\\Pipeline->Illuminate\\Pipeline\\{closure}()
#16 /mnt/e/Projects/l4yconstruction/vendor/laravel/framework/src/Illuminate/Pipeline/Pipeline.php(180): Statamic\\Http\\Middleware\\AuthGuard->handle()
#17 /mnt/e/Projects/l4yconstruction/vendor/statamic/cms/src/Http/Middleware/AddViewPaths.php(28): Illuminate\\Pipeline\\Pipeline->Illuminate\\Pipeline\\{closure}()
#18 /mnt/e/Projects/l4yconstruction/vendor/laravel/framework/src/Illuminate/Pipeline/Pipeline.php(180): Statamic\\Http\\Middleware\\AddViewPaths->handle()
#19 /mnt/e/Projects/l4yconstruction/vendor/statamic/cms/src/Http/Middleware/Localize.php(27): Illuminate\\Pipeline\\Pipeline->Illuminate\\Pipeline\\{closure}()
#20 /mnt/e/Projects/l4yconstruction/vendor/laravel/framework/src/Illuminate/Pipeline/Pipeline.php(180): Statamic\\Http\\Middleware\\Localize->handle()
#21 /mnt/e/Projects/l4yconstruction/vendor/statamic/cms/src/Http/Middleware/HandleToken.php(13): Illuminate\\Pipeline\\Pipeline->Illuminate\\Pipeline\\{closure}()
#22 /mnt/e/Projects/l4yconstruction/vendor/laravel/framework/src/Illuminate/Pipeline/Pipeline.php(180): Statamic\\Http\\Middleware\\HandleToken->handle()
#23 /mnt/e/Projects/l4yconstruction/vendor/statamic/cms/src/Http/Middleware/StacheLock.php(29): Illuminate\\Pipeline\\Pipeline->Illuminate\\Pipeline\\{closure}()
#24 /mnt/e/Projects/l4yconstruction/vendor/laravel/framework/src/Illuminate/Pipeline/Pipeline.php(180): Statamic\\Http\\Middleware\\StacheLock->handle()
#25 /mnt/e/Projects/l4yconstruction/vendor/laravel/framework/src/Illuminate/Routing/Middleware/SubstituteBindings.php(50): Illuminate\\Pipeline\\Pipeline->Illuminate\\Pipeline\\{closure}()
#26 /mnt/e/Projects/l4yconstruction/vendor/laravel/framework/src/Illuminate/Pipeline/Pipeline.php(180): Illuminate\\Routing\\Middleware\\SubstituteBindings->handle()
#27 /mnt/e/Projects/l4yconstruction/vendor/laravel/framework/src/Illuminate/Foundation/Http/Middleware/VerifyCsrfToken.php(78): Illuminate\\Pipeline\\Pipeline->Illuminate\\Pipeline\\{closure}()
#28 /mnt/e/Projects/l4yconstruction/vendor/laravel/framework/src/Illuminate/Pipeline/Pipeline.php(180): Illuminate\\Foundation\\Http\\Middleware\\VerifyCsrfToken->handle()
#29 /mnt/e/Projects/l4yconstruction/vendor/laravel/framework/src/Illuminate/View/Middleware/ShareErrorsFromSession.php(49): Illuminate\\Pipeline\\Pipeline->Illuminate\\Pipeline\\{closure}()
#30 /mnt/e/Projects/l4yconstruction/vendor/laravel/framework/src/Illuminate/Pipeline/Pipeline.php(180): Illuminate\\View\\Middleware\\ShareErrorsFromSession->handle()
#31 /mnt/e/Projects/l4yconstruction/vendor/laravel/framework/src/Illuminate/Session/Middleware/StartSession.php(121): Illuminate\\Pipeline\\Pipeline->Illuminate\\Pipeline\\{closure}()
#32 /mnt/e/Projects/l4yconstruction/vendor/laravel/framework/src/Illuminate/Session/Middleware/StartSession.php(64): Illuminate\\Session\\Middleware\\StartSession->handleStatefulRequest()
#33 /mnt/e/Projects/l4yconstruction/vendor/laravel/framework/src/Illuminate/Pipeline/Pipeline.php(180): Illuminate\\Session\\Middleware\\StartSession->handle()
#34 /mnt/e/Projects/l4yconstruction/vendor/laravel/framework/src/Illuminate/Cookie/Middleware/AddQueuedCookiesToResponse.php(37): Illuminate\\Pipeline\\Pipeline->Illuminate\\Pipeline\\{closure}()
#35 /mnt/e/Projects/l4yconstruction/vendor/laravel/framework/src/Illuminate/Pipeline/Pipeline.php(180): Illuminate\\Cookie\\Middleware\\AddQueuedCookiesToResponse->handle()
#36 /mnt/e/Projects/l4yconstruction/vendor/laravel/framework/src/Illuminate/Cookie/Middleware/EncryptCookies.php(67): Illuminate\\Pipeline\\Pipeline->Illuminate\\Pipeline\\{closure}()
#37 /mnt/e/Projects/l4yconstruction/vendor/laravel/framework/src/Illuminate/Pipeline/Pipeline.php(180): Illuminate\\Cookie\\Middleware\\EncryptCookies->handle()
#38 /mnt/e/Projects/l4yconstruction/vendor/laravel/framework/src/Illuminate/Pipeline/Pipeline.php(116): Illuminate\\Pipeline\\Pipeline->Illuminate\\Pipeline\\{closure}()
#39 /mnt/e/Projects/l4yconstruction/vendor/laravel/framework/src/Illuminate/Routing/Router.php(726): Illuminate\\Pipeline\\Pipeline->then()
#40 /mnt/e/Projects/l4yconstruction/vendor/laravel/framework/src/Illuminate/Routing/Router.php(703): Illuminate\\Routing\\Router->runRouteWithinStack()
#41 /mnt/e/Projects/l4yconstruction/vendor/laravel/framework/src/Illuminate/Routing/Router.php(667): Illuminate\\Routing\\Router->runRoute()
#42 /mnt/e/Projects/l4yconstruction/vendor/laravel/framework/src/Illuminate/Routing/Router.php(656): Illuminate\\Routing\\Router->dispatchToRoute()
#43 /mnt/e/Projects/l4yconstruction/vendor/laravel/framework/src/Illuminate/Foundation/Http/Kernel.php(167): Illuminate\\Routing\\Router->dispatch()
#44 /mnt/e/Projects/l4yconstruction/vendor/laravel/framework/src/Illuminate/Pipeline/Pipeline.php(141): Illuminate\\Foundation\\Http\\Kernel->Illuminate\\Foundation\\Http\\{closure}()
#45 /mnt/e/Projects/l4yconstruction/vendor/statamic/cms/src/Http/Middleware/DisableFloc.php(18): Illuminate\\Pipeline\\Pipeline->Illuminate\\Pipeline\\{closure}()
#46 /mnt/e/Projects/l4yconstruction/vendor/laravel/framework/src/Illuminate/Pipeline/Pipeline.php(180): Statamic\\Http\\Middleware\\DisableFloc->handle()
#47 /mnt/e/Projects/l4yconstruction/vendor/statamic/cms/src/Http/Middleware/CheckMultisite.php(21): Illuminate\\Pipeline\\Pipeline->Illuminate\\Pipeline\\{closure}()
#48 /mnt/e/Projects/l4yconstruction/vendor/laravel/framework/src/Illuminate/Pipeline/Pipeline.php(180): Statamic\\Http\\Middleware\\CheckMultisite->handle()
#49 /mnt/e/Projects/l4yconstruction/vendor/statamic/cms/src/Http/Middleware/CheckComposerJsonScripts.php(21): Illuminate\\Pipeline\\Pipeline->Illuminate\\Pipeline\\{closure}()
#50 /mnt/e/Projects/l4yconstruction/vendor/laravel/framework/src/Illuminate/Pipeline/Pipeline.php(180): Statamic\\Http\\Middleware\\CheckComposerJsonScripts->handle()
#51 /mnt/e/Projects/l4yconstruction/vendor/statamic/cms/src/Http/Middleware/PoweredByHeader.php(19): Illuminate\\Pipeline\\Pipeline->Illuminate\\Pipeline\\{closure}()
#52 /mnt/e/Projects/l4yconstruction/vendor/laravel/framework/src/Illuminate/Pipeline/Pipeline.php(180): Statamic\\Http\\Middleware\\PoweredByHeader->handle()
#53 /mnt/e/Projects/l4yconstruction/vendor/barryvdh/laravel-debugbar/src/Middleware/InjectDebugbar.php(66): Illuminate\\Pipeline\\Pipeline->Illuminate\\Pipeline\\{closure}()
#54 /mnt/e/Projects/l4yconstruction/vendor/laravel/framework/src/Illuminate/Pipeline/Pipeline.php(180): Barryvdh\\Debugbar\\Middleware\\InjectDebugbar->handle()
#55 /mnt/e/Projects/l4yconstruction/vendor/laravel/framework/src/Illuminate/Foundation/Http/Middleware/TransformsRequest.php(21): Illuminate\\Pipeline\\Pipeline->Illuminate\\Pipeline\\{closure}()
#56 /mnt/e/Projects/l4yconstruction/vendor/laravel/framework/src/Illuminate/Foundation/Http/Middleware/ConvertEmptyStringsToNull.php(31): Illuminate\\Foundation\\Http\\Middleware\\TransformsRequest->handle()
#57 /mnt/e/Projects/l4yconstruction/vendor/laravel/framework/src/Illuminate/Pipeline/Pipeline.php(180): Illuminate\\Foundation\\Http\\Middleware\\ConvertEmptyStringsToNull->handle()
#58 /mnt/e/Projects/l4yconstruction/vendor/laravel/framework/src/Illuminate/Foundation/Http/Middleware/TransformsRequest.php(21): Illuminate\\Pipeline\\Pipeline->Illuminate\\Pipeline\\{closure}()
#59 /mnt/e/Projects/l4yconstruction/vendor/laravel/framework/src/Illuminate/Foundation/Http/Middleware/TrimStrings.php(40): Illuminate\\Foundation\\Http\\Middleware\\TransformsRequest->handle()
#60 /mnt/e/Projects/l4yconstruction/vendor/laravel/framework/src/Illuminate/Pipeline/Pipeline.php(180): Illuminate\\Foundation\\Http\\Middleware\\TrimStrings->handle()
#61 /mnt/e/Projects/l4yconstruction/vendor/laravel/framework/src/Illuminate/Foundation/Http/Middleware/ValidatePostSize.php(27): Illuminate\\Pipeline\\Pipeline->Illuminate\\Pipeline\\{closure}()
#62 /mnt/e/Projects/l4yconstruction/vendor/laravel/framework/src/Illuminate/Pipeline/Pipeline.php(180): Illuminate\\Foundation\\Http\\Middleware\\ValidatePostSize->handle()
#63 /mnt/e/Projects/l4yconstruction/vendor/laravel/framework/src/Illuminate/Foundation/Http/Middleware/PreventRequestsDuringMaintenance.php(86): Illuminate\\Pipeline\\Pipeline->Illuminate\\Pipeline\\{closure}()
#64 /mnt/e/Projects/l4yconstruction/vendor/laravel/framework/src/Illuminate/Pipeline/Pipeline.php(180): Illuminate\\Foundation\\Http\\Middleware\\PreventRequestsDuringMaintenance->handle()
#65 /mnt/e/Projects/l4yconstruction/vendor/fruitcake/laravel-cors/src/HandleCors.php(38): Illuminate\\Pipeline\\Pipeline->Illuminate\\Pipeline\\{closure}()
#66 /mnt/e/Projects/l4yconstruction/vendor/laravel/framework/src/Illuminate/Pipeline/Pipeline.php(180): Fruitcake\\Cors\\HandleCors->handle()
#67 /mnt/e/Projects/l4yconstruction/vendor/laravel/framework/src/Illuminate/Http/Middleware/TrustProxies.php(39): Illuminate\\Pipeline\\Pipeline->Illuminate\\Pipeline\\{closure}()
#68 /mnt/e/Projects/l4yconstruction/vendor/laravel/framework/src/Illuminate/Pipeline/Pipeline.php(180): Illuminate\\Http\\Middleware\\TrustProxies->handle()
#69 /mnt/e/Projects/l4yconstruction/vendor/laravel/framework/src/Illuminate/Pipeline/Pipeline.php(116): Illuminate\\Pipeline\\Pipeline->Illuminate\\Pipeline\\{closure}()
#70 /mnt/e/Projects/l4yconstruction/vendor/laravel/framework/src/Illuminate/Foundation/Http/Kernel.php(142): Illuminate\\Pipeline\\Pipeline->then()
#71 /mnt/e/Projects/l4yconstruction/vendor/laravel/framework/src/Illuminate/Foundation/Http/Kernel.php(111): Illuminate\\Foundation\\Http\\Kernel->sendRequestThroughRouter()
#72 /mnt/e/Projects/l4yconstruction/public/index.php(52): Illuminate\\Foundation\\Http\\Kernel->handle()
#73 /mnt/e/Projects/l4yconstruction/vendor/laravel/framework/src/Illuminate/Foundation/resources/server.php(16): require_once('...')
#74 {main}
"} 
[2022-07-31 15:43:20] local.ERROR: file_put_contents(E:\Projects\l4yconstruction\storage\framework/sessions/mOgNG3uIw35GMteyeNZ3H5pjltz71w3vGYolobne): Failed to open stream: No such file or directory {"userId":"7ffff671-2f8c-416c-8c2c-d2408e0f5aff","exception":"[object] (ErrorException(code: 0): file_put_contents(E:\\Projects\\l4yconstruction\\storage\\framework/sessions/mOgNG3uIw35GMteyeNZ3H5pjltz71w3vGYolobne): Failed to open stream: No such file or directory at /mnt/e/Projects/l4yconstruction/vendor/laravel/framework/src/Illuminate/Filesystem/Filesystem.php:187)
[stacktrace]
#0 /mnt/e/Projects/l4yconstruction/vendor/laravel/framework/src/Illuminate/Foundation/Bootstrap/HandleExceptions.php(257): Illuminate\\Foundation\\Bootstrap\\HandleExceptions->handleError()
#1 [internal function]: Illuminate\\Foundation\\Bootstrap\\HandleExceptions->Illuminate\\Foundation\\Bootstrap\\{closure}()
#2 /mnt/e/Projects/l4yconstruction/vendor/laravel/framework/src/Illuminate/Filesystem/Filesystem.php(187): file_put_contents()
#3 /mnt/e/Projects/l4yconstruction/vendor/laravel/framework/src/Illuminate/Session/FileSessionHandler.php(90): Illuminate\\Filesystem\\Filesystem->put()
#4 /mnt/e/Projects/l4yconstruction/vendor/laravel/framework/src/Illuminate/Session/Store.php(170): Illuminate\\Session\\FileSessionHandler->write()
#5 /mnt/e/Projects/l4yconstruction/vendor/laravel/framework/src/Illuminate/Session/Middleware/StartSession.php(236): Illuminate\\Session\\Store->save()
#6 /mnt/e/Projects/l4yconstruction/vendor/laravel/framework/src/Illuminate/Session/Middleware/StartSession.php(130): Illuminate\\Session\\Middleware\\StartSession->saveSession()
#7 /mnt/e/Projects/l4yconstruction/vendor/laravel/framework/src/Illuminate/Session/Middleware/StartSession.php(64): Illuminate\\Session\\Middleware\\StartSession->handleStatefulRequest()
#8 /mnt/e/Projects/l4yconstruction/vendor/laravel/framework/src/Illuminate/Pipeline/Pipeline.php(180): Illuminate\\Session\\Middleware\\StartSession->handle()
#9 /mnt/e/Projects/l4yconstruction/vendor/laravel/framework/src/Illuminate/Cookie/Middleware/AddQueuedCookiesToResponse.php(37): Illuminate\\Pipeline\\Pipeline->Illuminate\\Pipeline\\{closure}()
#10 /mnt/e/Projects/l4yconstruction/vendor/laravel/framework/src/Illuminate/Pipeline/Pipeline.php(180): Illuminate\\Cookie\\Middleware\\AddQueuedCookiesToResponse->handle()
#11 /mnt/e/Projects/l4yconstruction/vendor/laravel/framework/src/Illuminate/Cookie/Middleware/EncryptCookies.php(67): Illuminate\\Pipeline\\Pipeline->Illuminate\\Pipeline\\{closure}()
#12 /mnt/e/Projects/l4yconstruction/vendor/laravel/framework/src/Illuminate/Pipeline/Pipeline.php(180): Illuminate\\Cookie\\Middleware\\EncryptCookies->handle()
#13 /mnt/e/Projects/l4yconstruction/vendor/laravel/framework/src/Illuminate/Pipeline/Pipeline.php(116): Illuminate\\Pipeline\\Pipeline->Illuminate\\Pipeline\\{closure}()
#14 /mnt/e/Projects/l4yconstruction/vendor/laravel/framework/src/Illuminate/Routing/Router.php(726): Illuminate\\Pipeline\\Pipeline->then()
#15 /mnt/e/Projects/l4yconstruction/vendor/laravel/framework/src/Illuminate/Routing/Router.php(703): Illuminate\\Routing\\Router->runRouteWithinStack()
#16 /mnt/e/Projects/l4yconstruction/vendor/laravel/framework/src/Illuminate/Routing/Router.php(667): Illuminate\\Routing\\Router->runRoute()
#17 /mnt/e/Projects/l4yconstruction/vendor/laravel/framework/src/Illuminate/Routing/Router.php(656): Illuminate\\Routing\\Router->dispatchToRoute()
#18 /mnt/e/Projects/l4yconstruction/vendor/laravel/framework/src/Illuminate/Foundation/Http/Kernel.php(167): Illuminate\\Routing\\Router->dispatch()
#19 /mnt/e/Projects/l4yconstruction/vendor/laravel/framework/src/Illuminate/Pipeline/Pipeline.php(141): Illuminate\\Foundation\\Http\\Kernel->Illuminate\\Foundation\\Http\\{closure}()
#20 /mnt/e/Projects/l4yconstruction/vendor/statamic/cms/src/Http/Middleware/DisableFloc.php(18): Illuminate\\Pipeline\\Pipeline->Illuminate\\Pipeline\\{closure}()
#21 /mnt/e/Projects/l4yconstruction/vendor/laravel/framework/src/Illuminate/Pipeline/Pipeline.php(180): Statamic\\Http\\Middleware\\DisableFloc->handle()
#22 /mnt/e/Projects/l4yconstruction/vendor/statamic/cms/src/Http/Middleware/CheckMultisite.php(21): Illuminate\\Pipeline\\Pipeline->Illuminate\\Pipeline\\{closure}()
#23 /mnt/e/Projects/l4yconstruction/vendor/laravel/framework/src/Illuminate/Pipeline/Pipeline.php(180): Statamic\\Http\\Middleware\\CheckMultisite->handle()
#24 /mnt/e/Projects/l4yconstruction/vendor/statamic/cms/src/Http/Middleware/CheckComposerJsonScripts.php(21): Illuminate\\Pipeline\\Pipeline->Illuminate\\Pipeline\\{closure}()
#25 /mnt/e/Projects/l4yconstruction/vendor/laravel/framework/src/Illuminate/Pipeline/Pipeline.php(180): Statamic\\Http\\Middleware\\CheckComposerJsonScripts->handle()
#26 /mnt/e/Projects/l4yconstruction/vendor/statamic/cms/src/Http/Middleware/PoweredByHeader.php(19): Illuminate\\Pipeline\\Pipeline->Illuminate\\Pipeline\\{closure}()
#27 /mnt/e/Projects/l4yconstruction/vendor/laravel/framework/src/Illuminate/Pipeline/Pipeline.php(180): Statamic\\Http\\Middleware\\PoweredByHeader->handle()
#28 /mnt/e/Projects/l4yconstruction/vendor/barryvdh/laravel-debugbar/src/Middleware/InjectDebugbar.php(66): Illuminate\\Pipeline\\Pipeline->Illuminate\\Pipeline\\{closure}()
#29 /mnt/e/Projects/l4yconstruction/vendor/laravel/framework/src/Illuminate/Pipeline/Pipeline.php(180): Barryvdh\\Debugbar\\Middleware\\InjectDebugbar->handle()
#30 /mnt/e/Projects/l4yconstruction/vendor/laravel/framework/src/Illuminate/Foundation/Http/Middleware/TransformsRequest.php(21): Illuminate\\Pipeline\\Pipeline->Illuminate\\Pipeline\\{closure}()
#31 /mnt/e/Projects/l4yconstruction/vendor/laravel/framework/src/Illuminate/Foundation/Http/Middleware/ConvertEmptyStringsToNull.php(31): Illuminate\\Foundation\\Http\\Middleware\\TransformsRequest->handle()
#32 /mnt/e/Projects/l4yconstruction/vendor/laravel/framework/src/Illuminate/Pipeline/Pipeline.php(180): Illuminate\\Foundation\\Http\\Middleware\\ConvertEmptyStringsToNull->handle()
#33 /mnt/e/Projects/l4yconstruction/vendor/laravel/framework/src/Illuminate/Foundation/Http/Middleware/TransformsRequest.php(21): Illuminate\\Pipeline\\Pipeline->Illuminate\\Pipeline\\{closure}()
#34 /mnt/e/Projects/l4yconstruction/vendor/laravel/framework/src/Illuminate/Foundation/Http/Middleware/TrimStrings.php(40): Illuminate\\Foundation\\Http\\Middleware\\TransformsRequest->handle()
#35 /mnt/e/Projects/l4yconstruction/vendor/laravel/framework/src/Illuminate/Pipeline/Pipeline.php(180): Illuminate\\Foundation\\Http\\Middleware\\TrimStrings->handle()
#36 /mnt/e/Projects/l4yconstruction/vendor/laravel/framework/src/Illuminate/Foundation/Http/Middleware/ValidatePostSize.php(27): Illuminate\\Pipeline\\Pipeline->Illuminate\\Pipeline\\{closure}()
#37 /mnt/e/Projects/l4yconstruction/vendor/laravel/framework/src/Illuminate/Pipeline/Pipeline.php(180): Illuminate\\Foundation\\Http\\Middleware\\ValidatePostSize->handle()
#38 /mnt/e/Projects/l4yconstruction/vendor/laravel/framework/src/Illuminate/Foundation/Http/Middleware/PreventRequestsDuringMaintenance.php(86): Illuminate\\Pipeline\\Pipeline->Illuminate\\Pipeline\\{closure}()
#39 /mnt/e/Projects/l4yconstruction/vendor/laravel/framework/src/Illuminate/Pipeline/Pipeline.php(180): Illuminate\\Foundation\\Http\\Middleware\\PreventRequestsDuringMaintenance->handle()
#40 /mnt/e/Projects/l4yconstruction/vendor/fruitcake/laravel-cors/src/HandleCors.php(38): Illuminate\\Pipeline\\Pipeline->Illuminate\\Pipeline\\{closure}()
#41 /mnt/e/Projects/l4yconstruction/vendor/laravel/framework/src/Illuminate/Pipeline/Pipeline.php(180): Fruitcake\\Cors\\HandleCors->handle()
#42 /mnt/e/Projects/l4yconstruction/vendor/laravel/framework/src/Illuminate/Http/Middleware/TrustProxies.php(39): Illuminate\\Pipeline\\Pipeline->Illuminate\\Pipeline\\{closure}()
#43 /mnt/e/Projects/l4yconstruction/vendor/laravel/framework/src/Illuminate/Pipeline/Pipeline.php(180): Illuminate\\Http\\Middleware\\TrustProxies->handle()
#44 /mnt/e/Projects/l4yconstruction/vendor/laravel/framework/src/Illuminate/Pipeline/Pipeline.php(116): Illuminate\\Pipeline\\Pipeline->Illuminate\\Pipeline\\{closure}()
#45 /mnt/e/Projects/l4yconstruction/vendor/laravel/framework/src/Illuminate/Foundation/Http/Kernel.php(142): Illuminate\\Pipeline\\Pipeline->then()
#46 /mnt/e/Projects/l4yconstruction/vendor/laravel/framework/src/Illuminate/Foundation/Http/Kernel.php(111): Illuminate\\Foundation\\Http\\Kernel->sendRequestThroughRouter()
#47 /mnt/e/Projects/l4yconstruction/public/index.php(52): Illuminate\\Foundation\\Http\\Kernel->handle()
#48 /mnt/e/Projects/l4yconstruction/vendor/laravel/framework/src/Illuminate/Foundation/resources/server.php(16): require_once('...')
#49 {main}
"} 
[2022-07-31 15:54:17] local.ERROR: View [home] not found. {"userId":"7ffff671-2f8c-416c-8c2c-d2408e0f5aff","exception":"[object] (InvalidArgumentException(code: 0): View [home] not found. at /mnt/e/Projects/l4yconstruction/vendor/laravel/framework/src/Illuminate/View/FileViewFinder.php:137)
[stacktrace]
#0 /mnt/e/Projects/l4yconstruction/vendor/laravel/framework/src/Illuminate/View/FileViewFinder.php(79): Illuminate\\View\\FileViewFinder->findInPaths()
#1 /mnt/e/Projects/l4yconstruction/vendor/laravel/framework/src/Illuminate/View/Factory.php(137): Illuminate\\View\\FileViewFinder->find()
#2 /mnt/e/Projects/l4yconstruction/vendor/laravel/framework/src/Illuminate/Foundation/helpers.php(969): Illuminate\\View\\Factory->make()
#3 /mnt/e/Projects/l4yconstruction/vendor/statamic/cms/src/View/View.php(169): view()
#4 /mnt/e/Projects/l4yconstruction/vendor/statamic/cms/src/View/View.php(148): Statamic\\View\\View->templateViewPath()
#5 /mnt/e/Projects/l4yconstruction/vendor/statamic/cms/src/View/View.php(139): Statamic\\View\\View->isUsingAntlersTemplate()
#6 /mnt/e/Projects/l4yconstruction/vendor/statamic/cms/src/Http/Responses/DataResponse.php(167): Statamic\\View\\View->wantsXmlResponse()
#7 /mnt/e/Projects/l4yconstruction/vendor/statamic/cms/src/Http/Responses/DataResponse.php(40): Statamic\\Http\\Responses\\DataResponse->adjustResponseType()
#8 /mnt/e/Projects/l4yconstruction/vendor/statamic/cms/src/Structures/Page.php(384): Statamic\\Http\\Responses\\DataResponse->toResponse()
#9 /mnt/e/Projects/l4yconstruction/vendor/laravel/framework/src/Illuminate/Routing/Router.php(815): Statamic\\Structures\\Page->toResponse()
#10 /mnt/e/Projects/l4yconstruction/vendor/laravel/framework/src/Illuminate/Routing/Router.php(802): Illuminate\\Routing\\Router::toResponse()
#11 /mnt/e/Projects/l4yconstruction/vendor/laravel/framework/src/Illuminate/Routing/Router.php(725): Illuminate\\Routing\\Router->prepareResponse()
#12 /mnt/e/Projects/l4yconstruction/vendor/laravel/framework/src/Illuminate/Pipeline/Pipeline.php(141): Illuminate\\Routing\\Router->Illuminate\\Routing\\{closure}()
#13 /mnt/e/Projects/l4yconstruction/vendor/statamic/cms/src/StaticCaching/Middleware/Cache.php(47): Illuminate\\Pipeline\\Pipeline->Illuminate\\Pipeline\\{closure}()
#14 /mnt/e/Projects/l4yconstruction/vendor/laravel/framework/src/Illuminate/Pipeline/Pipeline.php(180): Statamic\\StaticCaching\\Middleware\\Cache->handle()
#15 /mnt/e/Projects/l4yconstruction/vendor/statamic/cms/src/Http/Middleware/AuthGuard.php(14): Illuminate\\Pipeline\\Pipeline->Illuminate\\Pipeline\\{closure}()
#16 /mnt/e/Projects/l4yconstruction/vendor/laravel/framework/src/Illuminate/Pipeline/Pipeline.php(180): Statamic\\Http\\Middleware\\AuthGuard->handle()
#17 /mnt/e/Projects/l4yconstruction/vendor/statamic/cms/src/Http/Middleware/AddViewPaths.php(28): Illuminate\\Pipeline\\Pipeline->Illuminate\\Pipeline\\{closure}()
#18 /mnt/e/Projects/l4yconstruction/vendor/laravel/framework/src/Illuminate/Pipeline/Pipeline.php(180): Statamic\\Http\\Middleware\\AddViewPaths->handle()
#19 /mnt/e/Projects/l4yconstruction/vendor/statamic/cms/src/Http/Middleware/Localize.php(27): Illuminate\\Pipeline\\Pipeline->Illuminate\\Pipeline\\{closure}()
#20 /mnt/e/Projects/l4yconstruction/vendor/laravel/framework/src/Illuminate/Pipeline/Pipeline.php(180): Statamic\\Http\\Middleware\\Localize->handle()
#21 /mnt/e/Projects/l4yconstruction/vendor/statamic/cms/src/Http/Middleware/HandleToken.php(13): Illuminate\\Pipeline\\Pipeline->Illuminate\\Pipeline\\{closure}()
#22 /mnt/e/Projects/l4yconstruction/vendor/laravel/framework/src/Illuminate/Pipeline/Pipeline.php(180): Statamic\\Http\\Middleware\\HandleToken->handle()
#23 /mnt/e/Projects/l4yconstruction/vendor/statamic/cms/src/Http/Middleware/StacheLock.php(29): Illuminate\\Pipeline\\Pipeline->Illuminate\\Pipeline\\{closure}()
#24 /mnt/e/Projects/l4yconstruction/vendor/laravel/framework/src/Illuminate/Pipeline/Pipeline.php(180): Statamic\\Http\\Middleware\\StacheLock->handle()
#25 /mnt/e/Projects/l4yconstruction/vendor/laravel/framework/src/Illuminate/Routing/Middleware/SubstituteBindings.php(50): Illuminate\\Pipeline\\Pipeline->Illuminate\\Pipeline\\{closure}()
#26 /mnt/e/Projects/l4yconstruction/vendor/laravel/framework/src/Illuminate/Pipeline/Pipeline.php(180): Illuminate\\Routing\\Middleware\\SubstituteBindings->handle()
#27 /mnt/e/Projects/l4yconstruction/vendor/laravel/framework/src/Illuminate/Foundation/Http/Middleware/VerifyCsrfToken.php(78): Illuminate\\Pipeline\\Pipeline->Illuminate\\Pipeline\\{closure}()
#28 /mnt/e/Projects/l4yconstruction/vendor/laravel/framework/src/Illuminate/Pipeline/Pipeline.php(180): Illuminate\\Foundation\\Http\\Middleware\\VerifyCsrfToken->handle()
#29 /mnt/e/Projects/l4yconstruction/vendor/laravel/framework/src/Illuminate/View/Middleware/ShareErrorsFromSession.php(49): Illuminate\\Pipeline\\Pipeline->Illuminate\\Pipeline\\{closure}()
#30 /mnt/e/Projects/l4yconstruction/vendor/laravel/framework/src/Illuminate/Pipeline/Pipeline.php(180): Illuminate\\View\\Middleware\\ShareErrorsFromSession->handle()
#31 /mnt/e/Projects/l4yconstruction/vendor/laravel/framework/src/Illuminate/Session/Middleware/StartSession.php(121): Illuminate\\Pipeline\\Pipeline->Illuminate\\Pipeline\\{closure}()
#32 /mnt/e/Projects/l4yconstruction/vendor/laravel/framework/src/Illuminate/Session/Middleware/StartSession.php(64): Illuminate\\Session\\Middleware\\StartSession->handleStatefulRequest()
#33 /mnt/e/Projects/l4yconstruction/vendor/laravel/framework/src/Illuminate/Pipeline/Pipeline.php(180): Illuminate\\Session\\Middleware\\StartSession->handle()
#34 /mnt/e/Projects/l4yconstruction/vendor/laravel/framework/src/Illuminate/Cookie/Middleware/AddQueuedCookiesToResponse.php(37): Illuminate\\Pipeline\\Pipeline->Illuminate\\Pipeline\\{closure}()
#35 /mnt/e/Projects/l4yconstruction/vendor/laravel/framework/src/Illuminate/Pipeline/Pipeline.php(180): Illuminate\\Cookie\\Middleware\\AddQueuedCookiesToResponse->handle()
#36 /mnt/e/Projects/l4yconstruction/vendor/laravel/framework/src/Illuminate/Cookie/Middleware/EncryptCookies.php(67): Illuminate\\Pipeline\\Pipeline->Illuminate\\Pipeline\\{closure}()
#37 /mnt/e/Projects/l4yconstruction/vendor/laravel/framework/src/Illuminate/Pipeline/Pipeline.php(180): Illuminate\\Cookie\\Middleware\\EncryptCookies->handle()
#38 /mnt/e/Projects/l4yconstruction/vendor/laravel/framework/src/Illuminate/Pipeline/Pipeline.php(116): Illuminate\\Pipeline\\Pipeline->Illuminate\\Pipeline\\{closure}()
#39 /mnt/e/Projects/l4yconstruction/vendor/laravel/framework/src/Illuminate/Routing/Router.php(726): Illuminate\\Pipeline\\Pipeline->then()
#40 /mnt/e/Projects/l4yconstruction/vendor/laravel/framework/src/Illuminate/Routing/Router.php(703): Illuminate\\Routing\\Router->runRouteWithinStack()
#41 /mnt/e/Projects/l4yconstruction/vendor/laravel/framework/src/Illuminate/Routing/Router.php(667): Illuminate\\Routing\\Router->runRoute()
#42 /mnt/e/Projects/l4yconstruction/vendor/laravel/framework/src/Illuminate/Routing/Router.php(656): Illuminate\\Routing\\Router->dispatchToRoute()
#43 /mnt/e/Projects/l4yconstruction/vendor/laravel/framework/src/Illuminate/Foundation/Http/Kernel.php(167): Illuminate\\Routing\\Router->dispatch()
#44 /mnt/e/Projects/l4yconstruction/vendor/laravel/framework/src/Illuminate/Pipeline/Pipeline.php(141): Illuminate\\Foundation\\Http\\Kernel->Illuminate\\Foundation\\Http\\{closure}()
#45 /mnt/e/Projects/l4yconstruction/vendor/statamic/cms/src/Http/Middleware/DisableFloc.php(18): Illuminate\\Pipeline\\Pipeline->Illuminate\\Pipeline\\{closure}()
#46 /mnt/e/Projects/l4yconstruction/vendor/laravel/framework/src/Illuminate/Pipeline/Pipeline.php(180): Statamic\\Http\\Middleware\\DisableFloc->handle()
#47 /mnt/e/Projects/l4yconstruction/vendor/statamic/cms/src/Http/Middleware/CheckMultisite.php(21): Illuminate\\Pipeline\\Pipeline->Illuminate\\Pipeline\\{closure}()
#48 /mnt/e/Projects/l4yconstruction/vendor/laravel/framework/src/Illuminate/Pipeline/Pipeline.php(180): Statamic\\Http\\Middleware\\CheckMultisite->handle()
#49 /mnt/e/Projects/l4yconstruction/vendor/statamic/cms/src/Http/Middleware/CheckComposerJsonScripts.php(21): Illuminate\\Pipeline\\Pipeline->Illuminate\\Pipeline\\{closure}()
#50 /mnt/e/Projects/l4yconstruction/vendor/laravel/framework/src/Illuminate/Pipeline/Pipeline.php(180): Statamic\\Http\\Middleware\\CheckComposerJsonScripts->handle()
#51 /mnt/e/Projects/l4yconstruction/vendor/statamic/cms/src/Http/Middleware/PoweredByHeader.php(19): Illuminate\\Pipeline\\Pipeline->Illuminate\\Pipeline\\{closure}()
#52 /mnt/e/Projects/l4yconstruction/vendor/laravel/framework/src/Illuminate/Pipeline/Pipeline.php(180): Statamic\\Http\\Middleware\\PoweredByHeader->handle()
#53 /mnt/e/Projects/l4yconstruction/vendor/barryvdh/laravel-debugbar/src/Middleware/InjectDebugbar.php(66): Illuminate\\Pipeline\\Pipeline->Illuminate\\Pipeline\\{closure}()
#54 /mnt/e/Projects/l4yconstruction/vendor/laravel/framework/src/Illuminate/Pipeline/Pipeline.php(180): Barryvdh\\Debugbar\\Middleware\\InjectDebugbar->handle()
#55 /mnt/e/Projects/l4yconstruction/vendor/laravel/framework/src/Illuminate/Foundation/Http/Middleware/TransformsRequest.php(21): Illuminate\\Pipeline\\Pipeline->Illuminate\\Pipeline\\{closure}()
#56 /mnt/e/Projects/l4yconstruction/vendor/laravel/framework/src/Illuminate/Foundation/Http/Middleware/ConvertEmptyStringsToNull.php(31): Illuminate\\Foundation\\Http\\Middleware\\TransformsRequest->handle()
#57 /mnt/e/Projects/l4yconstruction/vendor/laravel/framework/src/Illuminate/Pipeline/Pipeline.php(180): Illuminate\\Foundation\\Http\\Middleware\\ConvertEmptyStringsToNull->handle()
#58 /mnt/e/Projects/l4yconstruction/vendor/laravel/framework/src/Illuminate/Foundation/Http/Middleware/TransformsRequest.php(21): Illuminate\\Pipeline\\Pipeline->Illuminate\\Pipeline\\{closure}()
#59 /mnt/e/Projects/l4yconstruction/vendor/laravel/framework/src/Illuminate/Foundation/Http/Middleware/TrimStrings.php(40): Illuminate\\Foundation\\Http\\Middleware\\TransformsRequest->handle()
#60 /mnt/e/Projects/l4yconstruction/vendor/laravel/framework/src/Illuminate/Pipeline/Pipeline.php(180): Illuminate\\Foundation\\Http\\Middleware\\TrimStrings->handle()
#61 /mnt/e/Projects/l4yconstruction/vendor/laravel/framework/src/Illuminate/Foundation/Http/Middleware/ValidatePostSize.php(27): Illuminate\\Pipeline\\Pipeline->Illuminate\\Pipeline\\{closure}()
#62 /mnt/e/Projects/l4yconstruction/vendor/laravel/framework/src/Illuminate/Pipeline/Pipeline.php(180): Illuminate\\Foundation\\Http\\Middleware\\ValidatePostSize->handle()
#63 /mnt/e/Projects/l4yconstruction/vendor/laravel/framework/src/Illuminate/Foundation/Http/Middleware/PreventRequestsDuringMaintenance.php(86): Illuminate\\Pipeline\\Pipeline->Illuminate\\Pipeline\\{closure}()
#64 /mnt/e/Projects/l4yconstruction/vendor/laravel/framework/src/Illuminate/Pipeline/Pipeline.php(180): Illuminate\\Foundation\\Http\\Middleware\\PreventRequestsDuringMaintenance->handle()
#65 /mnt/e/Projects/l4yconstruction/vendor/fruitcake/laravel-cors/src/HandleCors.php(38): Illuminate\\Pipeline\\Pipeline->Illuminate\\Pipeline\\{closure}()
#66 /mnt/e/Projects/l4yconstruction/vendor/laravel/framework/src/Illuminate/Pipeline/Pipeline.php(180): Fruitcake\\Cors\\HandleCors->handle()
#67 /mnt/e/Projects/l4yconstruction/vendor/laravel/framework/src/Illuminate/Http/Middleware/TrustProxies.php(39): Illuminate\\Pipeline\\Pipeline->Illuminate\\Pipeline\\{closure}()
#68 /mnt/e/Projects/l4yconstruction/vendor/laravel/framework/src/Illuminate/Pipeline/Pipeline.php(180): Illuminate\\Http\\Middleware\\TrustProxies->handle()
#69 /mnt/e/Projects/l4yconstruction/vendor/laravel/framework/src/Illuminate/Pipeline/Pipeline.php(116): Illuminate\\Pipeline\\Pipeline->Illuminate\\Pipeline\\{closure}()
#70 /mnt/e/Projects/l4yconstruction/vendor/laravel/framework/src/Illuminate/Foundation/Http/Kernel.php(142): Illuminate\\Pipeline\\Pipeline->then()
#71 /mnt/e/Projects/l4yconstruction/vendor/laravel/framework/src/Illuminate/Foundation/Http/Kernel.php(111): Illuminate\\Foundation\\Http\\Kernel->sendRequestThroughRouter()
#72 /mnt/e/Projects/l4yconstruction/public/index.php(52): Illuminate\\Foundation\\Http\\Kernel->handle()
#73 /mnt/e/Projects/l4yconstruction/vendor/laravel/framework/src/Illuminate/Foundation/resources/server.php(16): require_once('...')
#74 {main}
"} 
[2022-07-31 15:54:23] local.ERROR: file_put_contents(E:\Projects\l4yconstruction\storage\framework/sessions/3AnK9oxvyPXpDfh8dhRxwzbUBBIKDtzgHzXRm7uD): Failed to open stream: No such file or directory {"userId":"7ffff671-2f8c-416c-8c2c-d2408e0f5aff","exception":"[object] (ErrorException(code: 0): file_put_contents(E:\\Projects\\l4yconstruction\\storage\\framework/sessions/3AnK9oxvyPXpDfh8dhRxwzbUBBIKDtzgHzXRm7uD): Failed to open stream: No such file or directory at /mnt/e/Projects/l4yconstruction/vendor/laravel/framework/src/Illuminate/Filesystem/Filesystem.php:187)
[stacktrace]
#0 /mnt/e/Projects/l4yconstruction/vendor/laravel/framework/src/Illuminate/Foundation/Bootstrap/HandleExceptions.php(257): Illuminate\\Foundation\\Bootstrap\\HandleExceptions->handleError()
#1 [internal function]: Illuminate\\Foundation\\Bootstrap\\HandleExceptions->Illuminate\\Foundation\\Bootstrap\\{closure}()
#2 /mnt/e/Projects/l4yconstruction/vendor/laravel/framework/src/Illuminate/Filesystem/Filesystem.php(187): file_put_contents()
#3 /mnt/e/Projects/l4yconstruction/vendor/laravel/framework/src/Illuminate/Session/FileSessionHandler.php(90): Illuminate\\Filesystem\\Filesystem->put()
#4 /mnt/e/Projects/l4yconstruction/vendor/laravel/framework/src/Illuminate/Session/Store.php(170): Illuminate\\Session\\FileSessionHandler->write()
#5 /mnt/e/Projects/l4yconstruction/vendor/laravel/framework/src/Illuminate/Session/Middleware/StartSession.php(236): Illuminate\\Session\\Store->save()
#6 /mnt/e/Projects/l4yconstruction/vendor/laravel/framework/src/Illuminate/Session/Middleware/StartSession.php(130): Illuminate\\Session\\Middleware\\StartSession->saveSession()
#7 /mnt/e/Projects/l4yconstruction/vendor/laravel/framework/src/Illuminate/Session/Middleware/StartSession.php(64): Illuminate\\Session\\Middleware\\StartSession->handleStatefulRequest()
#8 /mnt/e/Projects/l4yconstruction/vendor/laravel/framework/src/Illuminate/Pipeline/Pipeline.php(180): Illuminate\\Session\\Middleware\\StartSession->handle()
#9 /mnt/e/Projects/l4yconstruction/vendor/laravel/framework/src/Illuminate/Cookie/Middleware/AddQueuedCookiesToResponse.php(37): Illuminate\\Pipeline\\Pipeline->Illuminate\\Pipeline\\{closure}()
#10 /mnt/e/Projects/l4yconstruction/vendor/laravel/framework/src/Illuminate/Pipeline/Pipeline.php(180): Illuminate\\Cookie\\Middleware\\AddQueuedCookiesToResponse->handle()
#11 /mnt/e/Projects/l4yconstruction/vendor/laravel/framework/src/Illuminate/Cookie/Middleware/EncryptCookies.php(67): Illuminate\\Pipeline\\Pipeline->Illuminate\\Pipeline\\{closure}()
#12 /mnt/e/Projects/l4yconstruction/vendor/laravel/framework/src/Illuminate/Pipeline/Pipeline.php(180): Illuminate\\Cookie\\Middleware\\EncryptCookies->handle()
#13 /mnt/e/Projects/l4yconstruction/vendor/laravel/framework/src/Illuminate/Pipeline/Pipeline.php(116): Illuminate\\Pipeline\\Pipeline->Illuminate\\Pipeline\\{closure}()
#14 /mnt/e/Projects/l4yconstruction/vendor/laravel/framework/src/Illuminate/Routing/Router.php(726): Illuminate\\Pipeline\\Pipeline->then()
#15 /mnt/e/Projects/l4yconstruction/vendor/laravel/framework/src/Illuminate/Routing/Router.php(703): Illuminate\\Routing\\Router->runRouteWithinStack()
#16 /mnt/e/Projects/l4yconstruction/vendor/laravel/framework/src/Illuminate/Routing/Router.php(667): Illuminate\\Routing\\Router->runRoute()
#17 /mnt/e/Projects/l4yconstruction/vendor/laravel/framework/src/Illuminate/Routing/Router.php(656): Illuminate\\Routing\\Router->dispatchToRoute()
#18 /mnt/e/Projects/l4yconstruction/vendor/laravel/framework/src/Illuminate/Foundation/Http/Kernel.php(167): Illuminate\\Routing\\Router->dispatch()
#19 /mnt/e/Projects/l4yconstruction/vendor/laravel/framework/src/Illuminate/Pipeline/Pipeline.php(141): Illuminate\\Foundation\\Http\\Kernel->Illuminate\\Foundation\\Http\\{closure}()
#20 /mnt/e/Projects/l4yconstruction/vendor/statamic/cms/src/Http/Middleware/DisableFloc.php(18): Illuminate\\Pipeline\\Pipeline->Illuminate\\Pipeline\\{closure}()
#21 /mnt/e/Projects/l4yconstruction/vendor/laravel/framework/src/Illuminate/Pipeline/Pipeline.php(180): Statamic\\Http\\Middleware\\DisableFloc->handle()
#22 /mnt/e/Projects/l4yconstruction/vendor/statamic/cms/src/Http/Middleware/CheckMultisite.php(21): Illuminate\\Pipeline\\Pipeline->Illuminate\\Pipeline\\{closure}()
#23 /mnt/e/Projects/l4yconstruction/vendor/laravel/framework/src/Illuminate/Pipeline/Pipeline.php(180): Statamic\\Http\\Middleware\\CheckMultisite->handle()
#24 /mnt/e/Projects/l4yconstruction/vendor/statamic/cms/src/Http/Middleware/CheckComposerJsonScripts.php(21): Illuminate\\Pipeline\\Pipeline->Illuminate\\Pipeline\\{closure}()
#25 /mnt/e/Projects/l4yconstruction/vendor/laravel/framework/src/Illuminate/Pipeline/Pipeline.php(180): Statamic\\Http\\Middleware\\CheckComposerJsonScripts->handle()
#26 /mnt/e/Projects/l4yconstruction/vendor/statamic/cms/src/Http/Middleware/PoweredByHeader.php(19): Illuminate\\Pipeline\\Pipeline->Illuminate\\Pipeline\\{closure}()
#27 /mnt/e/Projects/l4yconstruction/vendor/laravel/framework/src/Illuminate/Pipeline/Pipeline.php(180): Statamic\\Http\\Middleware\\PoweredByHeader->handle()
#28 /mnt/e/Projects/l4yconstruction/vendor/barryvdh/laravel-debugbar/src/Middleware/InjectDebugbar.php(66): Illuminate\\Pipeline\\Pipeline->Illuminate\\Pipeline\\{closure}()
#29 /mnt/e/Projects/l4yconstruction/vendor/laravel/framework/src/Illuminate/Pipeline/Pipeline.php(180): Barryvdh\\Debugbar\\Middleware\\InjectDebugbar->handle()
#30 /mnt/e/Projects/l4yconstruction/vendor/laravel/framework/src/Illuminate/Foundation/Http/Middleware/TransformsRequest.php(21): Illuminate\\Pipeline\\Pipeline->Illuminate\\Pipeline\\{closure}()
#31 /mnt/e/Projects/l4yconstruction/vendor/laravel/framework/src/Illuminate/Foundation/Http/Middleware/ConvertEmptyStringsToNull.php(31): Illuminate\\Foundation\\Http\\Middleware\\TransformsRequest->handle()
#32 /mnt/e/Projects/l4yconstruction/vendor/laravel/framework/src/Illuminate/Pipeline/Pipeline.php(180): Illuminate\\Foundation\\Http\\Middleware\\ConvertEmptyStringsToNull->handle()
#33 /mnt/e/Projects/l4yconstruction/vendor/laravel/framework/src/Illuminate/Foundation/Http/Middleware/TransformsRequest.php(21): Illuminate\\Pipeline\\Pipeline->Illuminate\\Pipeline\\{closure}()
#34 /mnt/e/Projects/l4yconstruction/vendor/laravel/framework/src/Illuminate/Foundation/Http/Middleware/TrimStrings.php(40): Illuminate\\Foundation\\Http\\Middleware\\TransformsRequest->handle()
#35 /mnt/e/Projects/l4yconstruction/vendor/laravel/framework/src/Illuminate/Pipeline/Pipeline.php(180): Illuminate\\Foundation\\Http\\Middleware\\TrimStrings->handle()
#36 /mnt/e/Projects/l4yconstruction/vendor/laravel/framework/src/Illuminate/Foundation/Http/Middleware/ValidatePostSize.php(27): Illuminate\\Pipeline\\Pipeline->Illuminate\\Pipeline\\{closure}()
#37 /mnt/e/Projects/l4yconstruction/vendor/laravel/framework/src/Illuminate/Pipeline/Pipeline.php(180): Illuminate\\Foundation\\Http\\Middleware\\ValidatePostSize->handle()
#38 /mnt/e/Projects/l4yconstruction/vendor/laravel/framework/src/Illuminate/Foundation/Http/Middleware/PreventRequestsDuringMaintenance.php(86): Illuminate\\Pipeline\\Pipeline->Illuminate\\Pipeline\\{closure}()
#39 /mnt/e/Projects/l4yconstruction/vendor/laravel/framework/src/Illuminate/Pipeline/Pipeline.php(180): Illuminate\\Foundation\\Http\\Middleware\\PreventRequestsDuringMaintenance->handle()
#40 /mnt/e/Projects/l4yconstruction/vendor/fruitcake/laravel-cors/src/HandleCors.php(38): Illuminate\\Pipeline\\Pipeline->Illuminate\\Pipeline\\{closure}()
#41 /mnt/e/Projects/l4yconstruction/vendor/laravel/framework/src/Illuminate/Pipeline/Pipeline.php(180): Fruitcake\\Cors\\HandleCors->handle()
#42 /mnt/e/Projects/l4yconstruction/vendor/laravel/framework/src/Illuminate/Http/Middleware/TrustProxies.php(39): Illuminate\\Pipeline\\Pipeline->Illuminate\\Pipeline\\{closure}()
#43 /mnt/e/Projects/l4yconstruction/vendor/laravel/framework/src/Illuminate/Pipeline/Pipeline.php(180): Illuminate\\Http\\Middleware\\TrustProxies->handle()
#44 /mnt/e/Projects/l4yconstruction/vendor/laravel/framework/src/Illuminate/Pipeline/Pipeline.php(116): Illuminate\\Pipeline\\Pipeline->Illuminate\\Pipeline\\{closure}()
#45 /mnt/e/Projects/l4yconstruction/vendor/laravel/framework/src/Illuminate/Foundation/Http/Kernel.php(142): Illuminate\\Pipeline\\Pipeline->then()
#46 /mnt/e/Projects/l4yconstruction/vendor/laravel/framework/src/Illuminate/Foundation/Http/Kernel.php(111): Illuminate\\Foundation\\Http\\Kernel->sendRequestThroughRouter()
#47 /mnt/e/Projects/l4yconstruction/public/index.php(52): Illuminate\\Foundation\\Http\\Kernel->handle()
#48 /mnt/e/Projects/l4yconstruction/vendor/laravel/framework/src/Illuminate/Foundation/resources/server.php(16): require_once('...')
#49 {main}
"} 
